2026-03-27 13:31:26 file new_guidance1.txt
2026-03-27 13:31:26 version wsf 2.9.0
2026-03-27 13:31:26 file new_guidance1.txt
2026-03-27 13:31:26 file setup.txt
2026-03-27 13:31:26 file event_pipe.txt
2026-03-27 13:31:26 file event_output.txt
2026-03-27 13:31:26 file terrain.txt
2026-03-27 13:31:26 file weapons/ssm_old/red_mrbm_1.txt
2026-03-27 13:31:26 file weapons\ssm_old\show_spent_stages.txt
2026-03-27 13:31:26 file sensors/radar/acq_radar.txt
2026-03-27 13:31:26 file platforms/common.txt
2026-03-27 13:31:26 file platforms/missile_ship.txt
2026-03-27 13:31:26 file ./platforms/naval_ssm_tactics.txt
2026-03-27 13:31:26 file ./weapons/ssm/ssm_launch_computer.txt
2026-03-27 13:31:26 file ./weapons/ssm/ssm_missile_launch_computer.txt
2026-03-27 13:31:26 file ./platforms/announce_launch_tactics.txt
2026-03-27 13:31:26 file ./sensors/radar/sr_sam_fcr_1.txt
2026-03-27 13:31:26 version $Id: sr_sam_fcr_1.txt,v 1.1.1.1 2009/03/27 20:42:31 m210650 Exp $
2026-03-27 13:31:26 file ./weapons/ssm/ssm_missile.txt
2026-03-27 13:31:26 file ./sensors/radar/red_missile_seeker.txt
2026-03-27 13:31:26 file platforms/lieren_ship.txt
2026-03-27 13:31:26 file platforms/wuku_ship.txt
2026-03-27 13:31:26 file platforms/red_naval_helicopter.txt
2026-03-27 13:31:26 version $Id: red_naval_helicopter.txt,v 1.1.1.1 2009/03/27 20:42:31 m210650 Exp $
2026-03-27 13:31:26 file ./sensors/radar/helicopter_surface_search_radar_1.txt
2026-03-27 13:31:26 version $Id: helicopter_surface_search_radar_1.txt,v 1.1.1.1 2009/03/27 20:42:31 m210650 Exp $
2026-03-27 13:31:26 file ./platforms/inflight_update_tactics.txt
2026-03-27 13:31:26 file scenarios/naval_ssm_test.txt
2026-03-27 13:31:26 file ./weapons/ssm_old/red_mrbm_1_launch_data.txt
2026-03-27 13:31:26 AER output file: output/new_guidance1.aer
2026-03-27 13:31:26 Event output file: output/new_guidance1.evt
2026-03-27 13:31:26 start 1
2026-03-27 13:31:26 complete 2160.001 0.481 0.969
